\BOOKMARK [1][-]{section*.1}{\376\377\000I\000N\000T\000R\000O\000D\000U\000C\000C\000I\000\323\000N}{}% 1
\BOOKMARK [1][-]{section*.1}{\376\377\000C\000A\000P\000\315\000T\000U\000L\000O\000\040\000I\000:\000\040\000P\000L\000A\000N\000T\000E\000A\000M\000I\000E\000N\000T\000O\000\040\000D\000E\000L\000\040\000P\000R\000O\000B\000L\000E\000M\000A}{}% 2
\BOOKMARK [2][-]{section*.2}{\376\377\0001\000.\0001\000.\000\040\000D\000e\000s\000c\000r\000i\000p\000c\000i\000\363\000n\000\040\000d\000e\000l\000\040\000p\000r\000o\000b\000l\000e\000m\000a}{section*.1}% 3
\BOOKMARK [3][-]{section*.2}{\376\377\0001\000.\0001\000.\0001\000.\000\040\000L\000a\000\040\000m\000i\000n\000e\000r\000\355\000a\000\040\000e\000n\000\040\000e\000l\000\040\000c\000o\000n\000t\000e\000x\000t\000o\000\040\000m\000a\000c\000r\000o\000e\000c\000o\000n\000\363\000m\000i\000c\000o\000\040\000d\000e\000\040\000A\000r\000e\000q\000u\000i\000p\000a}{section*.1}% 4
\BOOKMARK [3][-]{section*.2}{\376\377\0001\000.\0001\000.\0002\000.\000\040\000P\000r\000o\000b\000l\000e\000m\000\341\000t\000i\000c\000a\000\040\000e\000n\000\040\000l\000a\000\040\000a\000s\000i\000g\000n\000a\000c\000i\000\363\000n\000\040\000e\000f\000i\000c\000i\000e\000n\000t\000e\000\040\000d\000e\000l\000\040\000C\000a\000n\000o\000n\000\040\000y\000\040\000R\000e\000g\000a\000l\000\355\000a\000s}{section*.1}% 5
\BOOKMARK [2][-]{section*.2}{\376\377\0001\000.\0002\000.\000\040\000F\000o\000r\000m\000u\000l\000a\000c\000i\000\363\000n\000\040\000d\000e\000\040\000p\000r\000e\000g\000u\000n\000t\000a\000s}{section*.1}% 6
\BOOKMARK [3][-]{section*.3}{\376\377\0001\000.\0002\000.\0001\000.\000\040\000P\000r\000e\000g\000u\000n\000t\000a\000\040\000g\000e\000n\000e\000r\000a\000l}{section*.2}% 7
\BOOKMARK [3][-]{section*.3}{\376\377\0001\000.\0002\000.\0002\000.\000\040\000P\000r\000e\000g\000u\000n\000t\000a\000s\000\040\000e\000s\000p\000e\000c\000\355\000f\000i\000c\000a\000s}{section*.2}% 8
\BOOKMARK [2][-]{section*.3}{\376\377\0001\000.\0003\000.\000\040\000O\000b\000j\000e\000t\000i\000v\000o\000s\000\040\000d\000e\000\040\000l\000a\000\040\000i\000n\000v\000e\000s\000t\000i\000g\000a\000c\000i\000\363\000n}{section*.1}% 9
\BOOKMARK [3][-]{section*.4}{\376\377\0001\000.\0003\000.\0001\000.\000\040\000O\000b\000j\000e\000t\000i\000v\000o\000\040\000g\000e\000n\000e\000r\000a\000l}{section*.3}% 10
\BOOKMARK [3][-]{section*.4}{\376\377\0001\000.\0003\000.\0002\000.\000\040\000O\000b\000j\000e\000t\000i\000v\000o\000s\000\040\000e\000s\000p\000e\000c\000\355\000f\000i\000c\000o\000s}{section*.3}% 11
\BOOKMARK [2][-]{section*.4}{\376\377\0001\000.\0004\000.\000\040\000J\000u\000s\000t\000i\000f\000i\000c\000a\000c\000i\000\363\000n\000\040\000e\000\040\000i\000m\000p\000o\000r\000t\000a\000n\000c\000i\000a}{section*.1}% 12
\BOOKMARK [3][-]{section*.5}{\376\377\0001\000.\0004\000.\0001\000.\000\040\000J\000u\000s\000t\000i\000f\000i\000c\000a\000c\000i\000\363\000n\000\040\000t\000e\000\363\000r\000i\000c\000a\000\040\000\050\000U\000s\000o\000\040\000d\000e\000\040\000m\000o\000d\000e\000l\000o\000s\000\040\000m\000a\000t\000e\000m\000\341\000t\000i\000c\000o\000s\000\051}{section*.4}% 13
\BOOKMARK [3][-]{section*.5}{\376\377\0001\000.\0004\000.\0002\000.\000\040\000J\000u\000s\000t\000i\000f\000i\000c\000a\000c\000i\000\363\000n\000\040\000p\000r\000\341\000c\000t\000i\000c\000a\000\040\000\050\000R\000e\000l\000e\000v\000a\000n\000c\000i\000a\000\040\000p\000a\000r\000a\000\040\000l\000a\000\040\000g\000e\000s\000t\000i\000\363\000n\000\040\000p\000\372\000b\000l\000i\000c\000a\000\040\0002\0000\0002\0004\000\051}{section*.4}% 14
\BOOKMARK [1][-]{section*.5}{\376\377\000C\000A\000P\000\315\000T\000U\000L\000O\000\040\000I\000I\000:\000\040\000M\000A\000R\000C\000O\000\040\000T\000E\000\323\000R\000I\000C\000O}{}% 15
\BOOKMARK [2][-]{section*.6}{\376\377\0002\000.\0001\000.\000\040\000E\000s\000t\000a\000d\000o\000\040\000d\000e\000l\000\040\000A\000r\000t\000e}{section*.5}% 16
\BOOKMARK [2][-]{section*.6}{\376\377\0002\000.\0002\000.\000\040\000A\000n\000t\000e\000c\000e\000d\000e\000n\000t\000e\000s\000\040\000d\000e\000\040\000l\000a\000\040\000i\000n\000v\000e\000s\000t\000i\000g\000a\000c\000i\000\363\000n}{section*.5}% 17
\BOOKMARK [3][-]{section*.7}{\376\377\0002\000.\0002\000.\0001\000.\000\040\000A\000n\000t\000e\000c\000e\000d\000e\000n\000t\000e\000s\000\040\000n\000a\000c\000i\000o\000n\000a\000l\000e\000s}{section*.6}% 18
\BOOKMARK [3][-]{section*.7}{\376\377\0002\000.\0002\000.\0002\000.\000\040\000A\000n\000t\000e\000c\000e\000d\000e\000n\000t\000e\000s\000\040\000r\000e\000g\000i\000o\000n\000a\000l\000e\000s\000\040\000\050\000S\000u\000r\000\040\000d\000e\000l\000\040\000P\000e\000r\000\372\000\051}{section*.6}% 19
\BOOKMARK [2][-]{section*.7}{\376\377\0002\000.\0003\000.\000\040\000B\000a\000s\000e\000s\000\040\000t\000e\000\363\000r\000i\000c\000a\000s}{section*.5}% 20
\BOOKMARK [3][-]{section*.8}{\376\377\0002\000.\0003\000.\0001\000.\000\040\000T\000e\000o\000r\000\355\000a\000\040\000d\000e\000l\000\040\000e\000q\000u\000i\000l\000i\000b\000r\000i\000o\000\040\000g\000e\000n\000e\000r\000a\000l\000\040\000y\000\040\000e\000l\000\040\000M\000o\000d\000e\000l\000o\000\040\000I\000n\000s\000u\000m\000o\000-\000P\000r\000o\000d\000u\000c\000t\000o}{section*.7}% 21
\BOOKMARK [3][-]{equation.0.3}{\376\377\0002\000.\0003\000.\0002\000.\000\040\000T\000e\000o\000r\000\355\000a\000\040\000d\000e\000\040\000l\000a\000\040\000o\000p\000t\000i\000m\000i\000z\000a\000c\000i\000\363\000n\000\040\000d\000e\000l\000\040\000b\000i\000e\000n\000e\000s\000t\000a\000r\000\040\000s\000o\000c\000i\000a\000l}{section*.7}% 22
\BOOKMARK [2][-]{equation.0.4}{\376\377\0002\000.\0003\000.\000\040\000D\000e\000f\000i\000n\000i\000c\000i\000\363\000n\000\040\000d\000e\000\040\000t\000\351\000r\000m\000i\000n\000o\000s\000\040\000b\000\341\000s\000i\000c\000o\000s}{section*.5}% 23
\BOOKMARK [1][-]{equation.0.4}{\376\377\000C\000A\000P\000\315\000T\000U\000L\000O\000\040\000I\000I\000I\000:\000\040\000M\000E\000T\000O\000D\000O\000L\000O\000G\000\315\000A}{}% 24
\BOOKMARK [2][-]{section*.9}{\376\377\0003\000.\0001\000.\000\040\000T\000i\000p\000o\000\040\000y\000\040\000d\000i\000s\000e\000\361\000o\000\040\000d\000e\000\040\000i\000n\000v\000e\000s\000t\000i\000g\000a\000c\000i\000\363\000n}{equation.0.4}% 25
\BOOKMARK [2][-]{section*.9}{\376\377\0003\000.\0002\000.\000\040\000U\000n\000i\000d\000a\000d\000\040\000d\000e\000\040\000a\000n\000\341\000l\000i\000s\000i\000s}{equation.0.4}% 26
\BOOKMARK [2][-]{section*.9}{\376\377\0003\000.\0003\000.\000\040\000P\000o\000b\000l\000a\000c\000i\000\363\000n\000\040\000y\000\040\000m\000u\000e\000s\000t\000r\000a}{equation.0.4}% 27
\BOOKMARK [2][-]{section*.9}{\376\377\0003\000.\0004\000.\000\040\000T\000\351\000c\000n\000i\000c\000a\000s\000\040\000e\000\040\000i\000n\000s\000t\000r\000u\000m\000e\000n\000t\000o\000s\000\040\000d\000e\000\040\000r\000e\000c\000o\000l\000e\000c\000c\000i\000\363\000n\000\040\000d\000e\000\040\000d\000a\000t\000o\000s}{equation.0.4}% 28
\BOOKMARK [2][-]{section*.9}{\376\377\0003\000.\0005\000.\000\040\000P\000r\000o\000c\000e\000d\000i\000m\000i\000e\000n\000t\000o\000\040\000d\000e\000\040\000a\000n\000\341\000l\000i\000s\000i\000s\000\040\000d\000e\000\040\000d\000a\000t\000o\000s}{equation.0.4}% 29
\BOOKMARK [1][-]{Item.3}{\376\377\000C\000A\000P\000\315\000T\000U\000L\000O\000\040\000I\000V\000:\000\040\000R\000E\000S\000U\000L\000T\000A\000D\000O\000S}{}% 30
\BOOKMARK [2][-]{section*.10}{\376\377\0004\000.\0001\000.\000\040\000C\000o\000n\000s\000t\000r\000u\000c\000c\000i\000\363\000n\000\040\000d\000e\000l\000\040\000M\000o\000d\000e\000l\000o\000\040\000I\000n\000s\000u\000m\000o\000-\000P\000r\000o\000d\000u\000c\000t\000o\000\040\000R\000e\000g\000i\000o\000n\000a\000l\000\040\000\050\000A\000r\000e\000q\000u\000i\000p\000a\000\040\0002\0000\0002\0004\000\051}{Item.3}% 31
\BOOKMARK [3][-]{table.caption.11}{\376\377\0004\000.\0001\000.\0001\000.\000\040\000E\000s\000t\000r\000u\000c\000t\000u\000r\000a\000c\000i\000\363\000n\000\040\000d\000e\000\040\000l\000a\000\040\000M\000a\000t\000r\000i\000z\000\040\000d\000e\000\040\000C\000o\000e\000f\000i\000c\000i\000e\000n\000t\000e\000s\000\040\000T\000\351\000c\000n\000i\000c\000o\000s\000\040\000\050\000M\000a\000t\000r\000i\000z\000\040\000A\000\051}{Item.3}% 32
\BOOKMARK [3][-]{equation.0.5}{\376\377\0004\000.\0001\000.\0002\000.\000\040\000D\000e\000t\000e\000r\000m\000i\000n\000a\000c\000i\000\363\000n\000\040\000d\000e\000l\000\040\000V\000e\000c\000t\000o\000r\000\040\000d\000e\000\040\000D\000e\000m\000a\000n\000d\000a\000\040\000F\000i\000n\000a\000l\000\040\000\050\000S\000e\000c\000t\000o\000r\000\040\000M\000i\000n\000e\000r\000o\000\051}{Item.3}% 33
\BOOKMARK [3][-]{equation.0.6}{\376\377\0004\000.\0001\000.\0003\000.\000\040\000C\000\341\000l\000c\000u\000l\000o\000\040\000d\000e\000\040\000l\000a\000\040\000M\000a\000t\000r\000i\000z\000\040\000I\000n\000v\000e\000r\000s\000a\000\040\000d\000e\000\040\000L\000e\000o\000n\000t\000i\000e\000f\000\040\000\050\000I\000-\000A\000\051\000-\0001}{Item.3}% 34
\BOOKMARK [3][-]{equation.0.8}{\376\377\0004\000.\0001\000.\0004\000.\000\040\000A\000n\000\341\000l\000i\000s\000i\000s\000\040\000d\000e\000\040\000M\000u\000l\000t\000i\000p\000l\000i\000c\000a\000d\000o\000r\000e\000s\000\040\000d\000e\000\040\000P\000r\000o\000d\000u\000c\000c\000i\000\363\000n\000\040\000y\000\040\000E\000m\000p\000l\000e\000o}{Item.3}% 35
\BOOKMARK [2][-]{equation.0.10}{\376\377\0004\000.\0002\000.\000\040\000O\000p\000t\000i\000m\000i\000z\000a\000c\000i\000\363\000n\000\040\000d\000e\000\040\000l\000a\000\040\000A\000s\000i\000g\000n\000a\000c\000i\000\363\000n\000\040\000d\000e\000\040\000R\000e\000c\000u\000r\000s\000o\000s\000\040\000\050\000C\000a\000n\000o\000n\000\040\000M\000i\000n\000e\000r\000o\000\051}{Item.3}% 36
\BOOKMARK [3][-]{section*.12}{\376\377\0004\000.\0002\000.\0001\000.\000\040\000F\000o\000r\000m\000u\000l\000a\000c\000i\000\363\000n\000\040\000d\000e\000\040\000l\000a\000\040\000F\000u\000n\000c\000i\000\363\000n\000\040\000d\000e\000\040\000B\000i\000e\000n\000e\000s\000t\000a\000r\000\040\000S\000o\000c\000i\000a\000l\000\040\000\050\000V\000a\000r\000i\000a\000b\000l\000e\000s\000:\000\040\000S\000a\000l\000u\000d\000,\000\040\000E\000d\000u\000c\000a\000c\000i\000\363\000n\000\051}{equation.0.10}% 37
\BOOKMARK [3][-]{equation.0.11}{\376\377\0004\000.\0002\000.\0002\000.\000\040\000D\000e\000f\000i\000n\000i\000c\000i\000\363\000n\000\040\000d\000e\000\040\000l\000a\000\040\000R\000e\000s\000t\000r\000i\000c\000c\000i\000\363\000n\000\040\000P\000r\000e\000s\000u\000p\000u\000e\000s\000t\000a\000r\000i\000a\000\040\000\050\000M\000o\000n\000t\000o\000\040\000C\000a\000n\000o\000n\000\040\0002\0000\0002\0004\000\051}{equation.0.10}% 38
\BOOKMARK [3][-]{equation.0.12}{\376\377\0004\000.\0002\000.\0003\000.\000\040\000A\000p\000l\000i\000c\000a\000c\000i\000\363\000n\000\040\000d\000e\000\040\000D\000e\000r\000i\000v\000a\000d\000a\000s\000\040\000P\000a\000r\000c\000i\000a\000l\000e\000s\000\040\000y\000\040\000G\000r\000a\000d\000i\000e\000n\000t\000e\000s}{equation.0.10}% 39
\BOOKMARK [3][-]{Item.6}{\376\377\0004\000.\0002\000.\0004\000.\000\040\000R\000e\000s\000o\000l\000u\000c\000i\000\363\000n\000\040\000m\000e\000d\000i\000a\000n\000t\000e\000\040\000M\000u\000l\000t\000i\000p\000l\000i\000c\000a\000d\000o\000r\000e\000s\000\040\000d\000e\000\040\000L\000a\000g\000r\000a\000n\000g\000e}{equation.0.10}% 40
\BOOKMARK [3][-]{equation.0.18}{\376\377\0004\000.\0002\000.\0005\000.\000\040\000V\000a\000l\000i\000d\000a\000c\000i\000\363\000n\000\040\000d\000e\000l\000\040\000\323\000p\000t\000i\000m\000o\000:\000\040\000M\000a\000t\000r\000i\000z\000\040\000H\000e\000s\000s\000i\000a\000n\000a\000\040\000y\000\040\000D\000e\000t\000e\000r\000m\000i\000n\000a\000n\000t\000e\000\040\000d\000e\000\040\000H\000e\000s\000s}{equation.0.10}% 41
\BOOKMARK [2][-]{equation.0.21}{\376\377\0004\000.\0003\000.\000\040\000A\000n\000\341\000l\000i\000s\000i\000s\000\040\000d\000e\000\040\000S\000e\000n\000s\000i\000b\000i\000l\000i\000d\000a\000d\000\040\000y\000\040\000D\000i\000f\000e\000r\000e\000n\000c\000i\000a\000c\000i\000\363\000n}{Item.3}% 42
\BOOKMARK [3][-]{section*.13}{\376\377\0004\000.\0003\000.\0001\000.\000\040\000D\000i\000f\000e\000r\000e\000n\000c\000i\000a\000c\000i\000\363\000n\000\040\000T\000o\000t\000a\000l\000\040\000a\000n\000t\000e\000\040\000c\000a\000m\000b\000i\000o\000s\000\040\000e\000n\000\040\000e\000l\000\040\000p\000r\000e\000s\000u\000p\000u\000e\000s\000t\000o\000\040\000d\000e\000l\000\040\000C\000a\000n\000o\000n}{equation.0.21}% 43
\BOOKMARK [3][-]{equation.0.22}{\376\377\0004\000.\0003\000.\0002\000.\000\040\000I\000n\000t\000e\000r\000p\000r\000e\000t\000a\000c\000i\000\363\000n\000\040\000e\000c\000o\000n\000\363\000m\000i\000c\000a\000\040\000d\000e\000\040\000l\000o\000s\000\040\000r\000e\000s\000u\000l\000t\000a\000d\000o\000s}{equation.0.21}% 44
\BOOKMARK [3][-]{equation.0.24}{\376\377\0004\000.\0003\000.\0003\000.\000\040\000S\000i\000m\000u\000l\000a\000c\000i\000\363\000n\000\040\000d\000e\000\040\000E\000s\000c\000e\000n\000a\000r\000i\000o}{equation.0.21}% 45
\BOOKMARK [1][-]{equation.0.26}{\376\377\000C\000A\000P\000\315\000T\000U\000L\000O\000\040\000V\000:\000\040\000D\000I\000S\000C\000U\000S\000I\000\323\000N\000\040\000D\000E\000\040\000R\000E\000S\000U\000L\000T\000A\000D\000O\000S}{}% 46
\BOOKMARK [2][-]{section*.14}{\376\377\0005\000.\0001\000.\000\040\000I\000n\000t\000e\000r\000p\000r\000e\000t\000a\000c\000i\000\363\000n\000\040\000d\000e\000l\000\040\000i\000m\000p\000a\000c\000t\000o\000\040\000e\000c\000o\000n\000\363\000m\000i\000c\000o\000\040\000h\000a\000l\000l\000a\000d\000o\000\040\000v\000s\000.\000\040\000l\000i\000t\000e\000r\000a\000t\000u\000r\000a\000\040\000p\000r\000e\000v\000i\000a}{equation.0.26}% 47
\BOOKMARK [2][-]{section*.14}{\376\377\0005\000.\0002\000.\000\040\000A\000n\000\341\000l\000i\000s\000i\000s\000\040\000d\000e\000\040\000l\000a\000\040\000e\000f\000i\000c\000i\000e\000n\000c\000i\000a\000\040\000e\000n\000\040\000l\000a\000\040\000a\000s\000i\000g\000n\000a\000c\000i\000\363\000n\000\040\000d\000e\000\040\000r\000e\000c\000u\000r\000s\000o\000s\000\040\000p\000r\000o\000p\000u\000e\000s\000t\000a}{equation.0.26}% 48
\BOOKMARK [1][-]{section*.14}{\376\377\000C\000A\000P\000\315\000T\000U\000L\000O\000\040\000V\000I\000:\000\040\000C\000O\000N\000C\000L\000U\000S\000I\000O\000N\000E\000S\000\040\000Y\000\040\000R\000E\000C\000O\000M\000E\000N\000D\000A\000C\000I\000O\000N\000E\000S}{}% 49
\BOOKMARK [2][-]{section*.15}{\376\377\0006\000.\0001\000.\000\040\000C\000o\000n\000c\000l\000u\000s\000i\000o\000n\000e\000s}{section*.14}% 50
\BOOKMARK [2][-]{Item.10}{\376\377\0006\000.\0002\000.\000\040\000R\000e\000c\000o\000m\000e\000n\000d\000a\000c\000i\000o\000n\000e\000s}{section*.14}% 51
\BOOKMARK [1][-]{Item.14}{\376\377\000R\000E\000F\000E\000R\000E\000N\000C\000I\000A\000S\000\040\000B\000I\000B\000L\000I\000O\000G\000R\000\301\000F\000I\000C\000A\000S}{}% 52
\BOOKMARK [1][-]{Item.14}{\376\377\000A\000N\000E\000X\000O\000S}{}% 53
